1688323287450:add-student John Doe 25
1688323298139:addStudent John Doe 25
1688323326697:add-student John Doe 25
1688323349634:add-student Jane Smith 30
1688323360535:view-students
1688323668665:add-student John Doe 25
1688323677012:view-students
1688323686381:delete-student 1
1688323697253:view-stutends
1688323700705:view-students
1688323708603:clear-students
1688323713465:view-students
1734037088194:С‹СЂС‰С†
1734037091221:show
1734113482301:add -f dima -l dima -a 37
1734113490358:remove 10
1734249789010:show
1734249794044:remove 1
1734249812762:show
1734249817815:reremove 1
1734249824874:remove 1
1734249827894:show
1734249891814:remove 1
1734249900880:show
1734429640535:remove 9
1734429646591:remove 2
1734429651634:show
